<?xml version="1.0" encoding="utf-8"?><testsuites name="pytest tests"><testsuite name="pytest" errors="2" failures="0" skipped="0" tests="2" time="2.440" timestamp="2026-06-01T16:39:47.215264+07:00" hostname="DESKTOP-H18U7BT"><testcase classname="" name="tests.unit.integrity.test_chain_validator" time="0.000"><error message="collection failure">ImportError while importing test module 'C:\Users\LENOVO\nemesis_madina\tests\unit\integrity\test_chain_validator.py'.
Hint: make sure your test modules/packages have valid Python names.
Traceback:
venv\Lib\site-packages\_pytest\python.py:507: in importtestmodule
    mod = import_path(
venv\Lib\site-packages\_pytest\pathlib.py:587: in import_path
    importlib.import_module(module_name)
..\AppData\Local\Programs\Python\Python312\Lib\importlib\__init__.py:90: in import_module
    return _bootstrap._gcd_import(name[level:], package, level)
           ^^^^^^^^^^^^^^^^^^^^^^^^^^^^^^^^^^^^^^^^^^^^^^^^^^^^
&lt;frozen importlib._bootstrap&gt;:1387: in _gcd_import
    ???
&lt;frozen importlib._bootstrap&gt;:1360: in _find_and_load
    ???
&lt;frozen importlib._bootstrap&gt;:1331: in _find_and_load_unlocked
    ???
&lt;frozen importlib._bootstrap&gt;:935: in _load_unlocked
    ???
venv\Lib\site-packages\_pytest\assertion\rewrite.py:197: in exec_module
    exec(co, module.__dict__)
tests\unit\integrity\test_chain_validator.py:4: in &lt;module&gt;
    from backend.evidence.chain_validator import ChainValidator
E   ImportError: cannot import name 'ChainValidator' from 'backend.evidence.chain_validator' (C:\Users\LENOVO\nemesis_madina\backend\evidence\chain_validator.py)</error></testcase><testcase classname="" name="tests.unit.test_evidence" time="0.000"><error message="collection failure">ImportError while importing test module 'C:\Users\LENOVO\nemesis_madina\tests\unit\test_evidence.py'.
Hint: make sure your test modules/packages have valid Python names.
Traceback:
venv\Lib\site-packages\_pytest\python.py:507: in importtestmodule
    mod = import_path(
venv\Lib\site-packages\_pytest\pathlib.py:587: in import_path
    importlib.import_module(module_name)
..\AppData\Local\Programs\Python\Python312\Lib\importlib\__init__.py:90: in import_module
    return _bootstrap._gcd_import(name[level:], package, level)
           ^^^^^^^^^^^^^^^^^^^^^^^^^^^^^^^^^^^^^^^^^^^^^^^^^^^^
&lt;frozen importlib._bootstrap&gt;:1387: in _gcd_import
    ???
&lt;frozen importlib._bootstrap&gt;:1360: in _find_and_load
    ???
&lt;frozen importlib._bootstrap&gt;:1331: in _find_and_load_unlocked
    ???
&lt;frozen importlib._bootstrap&gt;:935: in _load_unlocked
    ???
venv\Lib\site-packages\_pytest\assertion\rewrite.py:197: in exec_module
    exec(co, module.__dict__)
tests\unit\test_evidence.py:6: in &lt;module&gt;
    from backend.evidence import EvidenceRegistry, EvidenceHasher
E   ImportError: cannot import name 'EvidenceRegistry' from 'backend.evidence' (C:\Users\LENOVO\nemesis_madina\backend\evidence\__init__.py)</error></testcase></testsuite></testsuites>